cordova/platforms/android/manifest-merger-release-report.txt
-- Merging decision tree log ---
manifest
ADDED from AndroidManifest.xml:2:1
	android:hardwareAccelerated
		ADDED from AndroidManifest.xml:2:11
	xmlns:android
		ADDED from AndroidManifest.xml:2:131
	package
		ADDED from AndroidManifest.xml:2:98
	android:versionName
		ADDED from AndroidManifest.xml:2:70
	android:versionCode
		ADDED from AndroidManifest.xml:2:46
		INJECTED from AndroidManifest.xml:0:0
		INJECTED from AndroidManifest.xml:0:0
supports-screens
ADDED from AndroidManifest.xml:3:5
	android:resizeable
		ADDED from AndroidManifest.xml:3:106
	android:largeScreens
		ADDED from AndroidManifest.xml:3:49
	android:anyDensity
		ADDED from AndroidManifest.xml:3:23
	android:normalScreens
		ADDED from AndroidManifest.xml:3:77
	android:xlargeScreens
		ADDED from AndroidManifest.xml:3:160
	android:smallScreens
		ADDED from AndroidManifest.xml:3:132
application
ADDED from AndroidManifest.xml:4:5
	android:supportsRtl
		ADDED from AndroidManifest.xml:4:116
	android:label
		ADDED from AndroidManifest.xml:4:83
	android:icon
		ADDED from AndroidManifest.xml:4:53
	android:hardwareAccelerated
		ADDED from AndroidManifest.xml:4:18
activity#us.peckenpaugh.emDoMsc.MainActivity
ADDED from AndroidManifest.xml:5:9
	android:windowSoftInputMode
		ADDED from AndroidManifest.xml:5:248
	android:label
		ADDED from AndroidManifest.xml:5:97
	android:configChanges
		ADDED from AndroidManifest.xml:5:19
	android:theme
		ADDED from AndroidManifest.xml:5:194
	android:name
		ADDED from AndroidManifest.xml:5:166
	android:launchMode
		ADDED from AndroidManifest.xml:5:135
intent-filter#android.intent.action.MAIN+android.intent.category.LAUNCHER
ADDED from AndroidManifest.xml:6:13
	android:label
		ADDED from AndroidManifest.xml:6:28
action#android.intent.action.MAIN
ADDED from AndroidManifest.xml:7:17
	android:name
		ADDED from AndroidManifest.xml:7:25
category#android.intent.category.LAUNCHER
ADDED from AndroidManifest.xml:8:17
	android:name
		ADDED from AndroidManifest.xml:8:27
uses-sdk
ADDED from AndroidManifest.xml:12:5
MERGED from android:CordovaLib:unspecified:release:25:5
	android:targetSdkVersion
		ADDED from AndroidManifest.xml:12:42
	android:minSdkVersion
		ADDED from AndroidManifest.xml:12:15